<?xml version="1.0" encoding="UTF-8"?>
<!-- Generated by org.testng.reporters.JUnitXMLReporter -->
<testsuite ignored="0" hostname="LAPTOP-AJHM6TG7" failures="0" tests="5" name="Default test" time="25.799" errors="0" timestamp="2024-08-08T23:35:22 IST">
  <testcase classname="swaglabs.demo" name="script" time="11.027"/>
  <testcase classname="swaglabs.demo" name="Cart" time="0.381"/>
  <testcase classname="swaglabs.demo" name="Checkout" time="0.178"/>
  <testcase classname="swaglabs.demo" name="Information" time="5.614"/>
  <testcase classname="swaglabs.demo" name="Logout" time="2.339"/>
</testsuite> <!-- Default test -->
