<?xml version="1.0" encoding="UTF-8"?>
<!-- Generated by org.testng.reporters.JUnitXMLReporter -->
<testsuite ignored="0" hostname="LAPTOP-AJHM6TG7" failures="0" tests="5" name="Default test" time="36.311" errors="0" timestamp="2024-08-08T19:00:48 IST">
  <testcase classname="swaglabs.demo" name="script" time="0.642"/>
  <testcase classname="swaglabs.demo" name="Cart" time="0.35"/>
  <testcase classname="swaglabs.demo" name="Checkout" time="0.129"/>
  <testcase classname="swaglabs.demo" name="Information" time="0.287"/>
  <testcase classname="swaglabs.demo" name="Logout" time="2.807"/>
</testsuite> <!-- Default test -->
