<?xml version="1.0" encoding="UTF-8"?>
<!-- Generated by org.testng.reporters.JUnitXMLReporter -->
<testsuite ignored="0" hostname="LAPTOP-AJHM6TG7" failures="0" tests="5" name="Test" time="10.219" errors="0" timestamp="2024-08-08T16:38:55 IST">
  <testcase classname="swaglabs.demo" name="script" time="5.658"/>
  <testcase classname="swaglabs.demo" name="Cart" time="0.426"/>
  <testcase classname="swaglabs.demo" name="Checkout" time="0.351"/>
  <testcase classname="swaglabs.demo" name="Information" time="0.567"/>
  <testcase classname="swaglabs.demo" name="Logout" time="3.12"/>
</testsuite> <!-- Test -->
